# JRE version: OpenJDK Runtime Environment Temurin-21.0.6+7 (21.0.6+7) (build 21.0.6+7-LTS)
# Java VM: OpenJDK 64-Bit Server VM Temurin-21.0.6+7 (21.0.6+7-LTS, mixed mode, emulated-client, sharing, tiered, compressed oops, compressed class ptrs, g1 gc, windows-amd64)
GC Precious Log:
 CardTable entry size: 512
 Card Set container configuration: InlinePtr #cards 5 size 8 Array Of Cards #cards 12 size 40 Howl #buckets 4 coarsen threshold 1843 Howl Bitmap #cards 512 size 80 coarsen threshold 460 Card regions per heap region 1 cards per card region 2048
 CPUs: 12 total, 12 available
 Memory: 5989M
 Large Page Support: Disabled
 NUMA Support: Disabled
 Compressed Oops: Enabled (32-bit)
 Heap Region Size: 1M
 Heap Min Capacity: 8M
 Heap Initial Capacity: 94M
 Heap Max Capacity: 1G
 Pre-touch: Disabled
 Parallel Workers: 10
 Concurrent Workers: 3
 Concurrent Refinement Workers: 10
 Periodic GC: Disabled
Heap:
 garbage-first heap   total 106496K, used 43206K [0x00000000c0000000, 0x0000000100000000)
  region size 1024K, 1 young (1024K), 0 survivors (0K)
 Metaspace       used 56828K, committed 57536K, reserved 1114112K
  class space    used 7052K, committed 7360K, reserved 1048576K
GC Heap History (20 events):
Event: 7279.225 GC heap after
{Heap after GC invocations=688 (full 671):
 garbage-first heap   total 106496K, used 43206K [0x00000000c0000000, 0x0000000100000000)
  region size 1024K, 0 young (0K), 0 survivors (0K)
 Metaspace       used 56828K, committed 57536K, reserved 1114112K
  class space    used 7052K, committed 7360K, reserved 1048576K
}
Event: 7289.436 GC heap before
{Heap before GC invocations=688 (full 671):
 garbage-first heap   total 106496K, used 43206K [0x00000000c0000000, 0x0000000100000000)
  region size 1024K, 1 young (1024K), 0 survivors (0K)
 Metaspace       used 56828K, committed 57536K, reserved 1114112K
  class space    used 7052K, committed 7360K, reserved 1048576K
}
Event: 7289.473 GC heap after
{Heap after GC invocations=689 (full 672):
 garbage-first heap   total 106496K, used 43206K [0x00000000c0000000, 0x0000000100000000)
  region size 1024K, 0 young (0K), 0 survivors (0K)
 Metaspace       used 56828K, committed 57536K, reserved 1114112K
  class space    used 7052K, committed 7360K, reserved 1048576K
}
Event: 7299.667 GC heap before
{Heap before GC invocations=689 (full 672):
 garbage-first heap   total 106496K, used 43206K [0x00000000c0000000, 0x0000000100000000)
  region size 1024K, 1 young (1024K), 0 survivors (0K)
 Metaspace       used 56828K, committed 57536K, reserved 1114112K
  class space    used 7052K, committed 7360K, reserved 1048576K
}
Event: 7299.699 GC heap after
{Heap after GC invocations=690 (full 673):
 garbage-first heap   total 106496K, used 43206K [0x00000000c0000000, 0x0000000100000000)
  region size 1024K, 0 young (0K), 0 survivors (0K)
 Metaspace       used 56828K, committed 57536K, reserved 1114112K
  class space    used 7052K, committed 7360K, reserved 1048576K
}
Event: 7309.855 GC heap before
{Heap before GC invocations=690 (full 673):
 garbage-first heap   total 106496K, used 43206K [0x00000000c0000000, 0x0000000100000000)
  region size 1024K, 1 young (1024K), 0 survivors (0K)
 Metaspace       used 56828K, committed 57536K, reserved 1114112K
  class space    used 7052K, committed 7360K, reserved 1048576K
}
Event: 7309.889 GC heap after
{Heap after GC invocations=691 (full 674):
 garbage-first heap   total 106496K, used 43206K [0x00000000c0000000, 0x0000000100000000)
  region size 1024K, 0 young (0K), 0 survivors (0K)
 Metaspace       used 56828K, committed 57536K, reserved 1114112K
  class space    used 7052K, committed 7360K, reserved 1048576K
}
Event: 7320.072 GC heap before
{Heap before GC invocations=691 (full 674):
 garbage-first heap   total 106496K, used 43206K [0x00000000c0000000, 0x0000000100000000)
  region size 1024K, 1 young (1024K), 0 survivors (0K)
 Metaspace       used 56828K, committed 57536K, reserved 1114112K
  class space    used 7052K, committed 7360K, reserved 1048576K
}
Event: 7320.104 GC heap after
{Heap after GC invocations=692 (full 675):
 garbage-first heap   total 106496K, used 43206K [0x00000000c0000000, 0x0000000100000000)
  region size 1024K, 0 young (0K), 0 survivors (0K)
 Metaspace       used 56828K, committed 57536K, reserved 1114112K
  class space    used 7052K, committed 7360K, reserved 1048576K
}
Event: 7330.267 GC heap before
{Heap before GC invocations=692 (full 675):
 garbage-first heap   total 106496K, used 43206K [0x00000000c0000000, 0x0000000100000000)
  region size 1024K, 1 young (1024K), 0 survivors (0K)
 Metaspace       used 56828K, committed 57536K, reserved 1114112K
  class space    used 7052K, committed 7360K, reserved 1048576K
}
Event: 7330.305 GC heap after
{Heap after GC invocations=693 (full 676):
 garbage-first heap   total 106496K, used 43206K [0x00000000c0000000, 0x0000000100000000)
  region size 1024K, 0 young (0K), 0 survivors (0K)
 Metaspace       used 56828K, committed 57536K, reserved 1114112K
  class space    used 7052K, committed 7360K, reserved 1048576K
}
Event: 7340.484 GC heap before
{Heap before GC invocations=693 (full 676):
 garbage-first heap   total 106496K, used 43206K [0x00000000c0000000, 0x0000000100000000)
  region size 1024K, 1 young (1024K), 0 survivors (0K)
 Metaspace       used 56828K, committed 57536K, reserved 1114112K
  class space    used 7052K, committed 7360K, reserved 1048576K
}
Event: 7340.516 GC heap after
{Heap after GC invocations=694 (full 677):
 garbage-first heap   total 106496K, used 43206K [0x00000000c0000000, 0x0000000100000000)
  region size 1024K, 0 young (0K), 0 survivors (0K)
 Metaspace       used 56828K, committed 57536K, reserved 1114112K
  class space    used 7052K, committed 7360K, reserved 1048576K
}
Event: 7351.095 GC heap before
{Heap before GC invocations=694 (full 677):
 garbage-first heap   total 106496K, used 43206K [0x00000000c0000000, 0x0000000100000000)
  region size 1024K, 1 young (1024K), 0 survivors (0K)
 Metaspace       used 56828K, committed 57536K, reserved 1114112K
  class space    used 7052K, committed 7360K, reserved 1048576K
}
Event: 7351.285 GC heap after
{Heap after GC invocations=695 (full 678):
 garbage-first heap   total 106496K, used 43206K [0x00000000c0000000, 0x0000000100000000)
  region size 1024K, 0 young (0K), 0 survivors (0K)
 Metaspace       used 56828K, committed 57536K, reserved 1114112K
  class space    used 7052K, committed 7360K, reserved 1048576K
}
Event: 7361.441 GC heap before
{Heap before GC invocations=695 (full 678):
 garbage-first heap   total 106496K, used 43206K [0x00000000c0000000, 0x0000000100000000)
  region size 1024K, 1 young (1024K), 0 survivors (0K)
 Metaspace       used 56828K, committed 57536K, reserved 1114112K
  class space    used 7052K, committed 7360K, reserved 1048576K
}
Event: 7361.475 GC heap after
{Heap after GC invocations=696 (full 679):
 garbage-first heap   total 106496K, used 43206K [0x00000000c0000000, 0x0000000100000000)
  region size 1024K, 0 young (0K), 0 survivors (0K)
 Metaspace       used 56828K, committed 57536K, reserved 1114112K
  class space    used 7052K, committed 7360K, reserved 1048576K
}
Event: 7371.633 GC heap before
{Heap before GC invocations=696 (full 679):
 garbage-first heap   total 106496K, used 43206K [0x00000000c0000000, 0x0000000100000000)
  region size 1024K, 1 young (1024K), 0 survivors (0K)
 Metaspace       used 56828K, committed 57536K, reserved 1114112K
  class space    used 7052K, committed 7360K, reserved 1048576K
}
Event: 7371.676 GC heap after
{Heap after GC invocations=697 (full 680):
 garbage-first heap   total 106496K, used 43206K [0x00000000c0000000, 0x0000000100000000)
  region size 1024K, 0 young (0K), 0 survivors (0K)
 Metaspace       used 56828K, committed 57536K, reserved 1114112K
  class space    used 7052K, committed 7360K, reserved 1048576K
}
Event: 7381.833 GC heap before
{Heap before GC invocations=697 (full 680):
 garbage-first heap   total 106496K, used 43206K [0x00000000c0000000, 0x0000000100000000)
  region size 1024K, 1 young (1024K), 0 survivors (0K)
 Metaspace       used 56828K, committed 57536K, reserved 1114112K
  class space    used 7052K, committed 7360K, reserved 1048576K
}

